actionid: py27
msg: getenv
cmdargs: ['/home/flaskdev/so-exam3/.tox/py27/bin/pip', 'install', 'mock', 'pytest', 'pytest_mock', 'flask', 'psutil']

Collecting mock
  Using cached https://files.pythonhosted.org/packages/e6/35/f187bdf23be87092bd0f1200d43d23076cee4d0dec109f195173fd3ebc79/mock-2.0.0-py2.py3-none-any.whl
Collecting pytest
  Using cached https://files.pythonhosted.org/packages/62/59/950a805f90587d6e2f3692cf43700becb7cdf6c16b06d84e7516b199236b/pytest-3.6.0-py2.py3-none-any.whl
Collecting pytest_mock
  Using cached https://files.pythonhosted.org/packages/5e/58/c97f24442020f91af0a4a266280f48b2cbbc43b4e33b0955ac3b3425a5ff/pytest_mock-1.10.0-py2.py3-none-any.whl
Collecting flask
  Using cached https://files.pythonhosted.org/packages/7f/e7/08578774ed4536d3242b14dacb4696386634607af824ea997202cd0edb4b/Flask-1.0.2-py2.py3-none-any.whl
Collecting psutil
Collecting funcsigs>=1; python_version < "3.3" (from mock)
  Using cached https://files.pythonhosted.org/packages/69/cb/f5be453359271714c01b9bd06126eaf2e368f1fddfff30818754b5ac2328/funcsigs-1.0.2-py2.py3-none-any.whl
Collecting six>=1.9 (from mock)
  Using cached https://files.pythonhosted.org/packages/67/4b/141a581104b1f6397bfa78ac9d43d8ad29a7ca43ea90a2d863fe3056e86a/six-1.11.0-py2.py3-none-any.whl
Collecting pbr>=0.11 (from mock)
  Using cached https://files.pythonhosted.org/packages/2d/9d/7bfab757977067556c7ca5fe437f28e8b8843c95564fca504de79df63b25/pbr-4.0.3-py2.py3-none-any.whl
Requirement already satisfied: setuptools in ./.tox/py27/lib/python2.7/site-packages (from pytest) (39.2.0)
Collecting attrs>=17.4.0 (from pytest)
  Using cached https://files.pythonhosted.org/packages/41/59/cedf87e91ed541be7957c501a92102f9cc6363c623a7666d69d51c78ac5b/attrs-18.1.0-py2.py3-none-any.whl
Collecting atomicwrites>=1.0 (from pytest)
  Using cached https://files.pythonhosted.org/packages/0a/e8/cd6375e7a59664eeea9e1c77a766eeac0fc3083bb958c2b41ec46b95f29c/atomicwrites-1.1.5-py2.py3-none-any.whl
Collecting py>=1.5.0 (from pytest)
  Using cached https://files.pythonhosted.org/packages/67/a5/f77982214dd4c8fd104b066f249adea2c49e25e8703d284382eb5e9ab35a/py-1.5.3-py2.py3-none-any.whl
Collecting pluggy<0.7,>=0.5 (from pytest)
  Using cached https://files.pythonhosted.org/packages/82/05/43e3947125a2137cba4746135c75934ceed1863f27e050fc560052104a71/pluggy-0.6.0-py2-none-any.whl
Collecting more-itertools>=4.0.0 (from pytest)
  Downloading https://files.pythonhosted.org/packages/9e/92/d05d8679c3bcaa263169aa47de660080df36d35697855515745657c1ba78/more_itertools-4.2.0-py2-none-any.whl (45kB)
Collecting Jinja2>=2.10 (from flask)
  Using cached https://files.pythonhosted.org/packages/7f/ff/ae64bacdfc95f27a016a7bed8e8686763ba4d277a78ca76f32659220a731/Jinja2-2.10-py2.py3-none-any.whl
Collecting Werkzeug>=0.14 (from flask)
  Using cached https://files.pythonhosted.org/packages/20/c4/12e3e56473e52375aa29c4764e70d1b8f3efa6682bef8d0aae04fe335243/Werkzeug-0.14.1-py2.py3-none-any.whl
Collecting click>=5.1 (from flask)
  Using cached https://files.pythonhosted.org/packages/34/c1/8806f99713ddb993c5366c362b2f908f18269f8d792aff1abfd700775a77/click-6.7-py2.py3-none-any.whl
Collecting itsdangerous>=0.24 (from flask)
Collecting MarkupSafe>=0.23 (from Jinja2>=2.10->flask)
Installing collected packages: funcsigs, six, pbr, mock, attrs, atomicwrites, py, pluggy, more-itertools, pytest, pytest-mock, MarkupSafe, Jinja2, Werkzeug, click, itsdangerous, flask, psutil
Successfully installed Jinja2-2.10 MarkupSafe-1.0 Werkzeug-0.14.1 atomicwrites-1.1.5 attrs-18.1.0 click-6.7 flask-1.0.2 funcsigs-1.0.2 itsdangerous-0.24 mock-2.0.0 more-itertools-4.2.0 pbr-4.0.3 pluggy-0.6.0 psutil-5.4.5 py-1.5.3 pytest-3.6.0 pytest-mock-1.10.0 six-1.11.0
